# JRE version: Java(TM) SE Runtime Environment (13.0.2+8) (build 13.0.2+8)
# Java VM: Java HotSpot(TM) 64-Bit Server VM (13.0.2+8, mixed mode, sharing, tiered, compressed oops, g1 gc, windows-amd64)
Heap:
 garbage-first heap   total 78848K, used 42807K [0x0000000081200000, 0x0000000100000000)
  region size 1024K, 15 young (15360K), 3 survivors (3072K)
 Metaspace       used 60382K, capacity 62215K, committed 62492K, reserved 1103872K
  class space    used 8067K, capacity 8786K, committed 8908K, reserved 1048576K
GC Heap History (20 events):
Event: 13.833 GC heap before
{Heap before GC invocations=16 (full 0):
 garbage-first heap   total 54272K, used 39091K [0x0000000081200000, 0x0000000100000000)
  region size 1024K, 23 young (23552K), 3 survivors (3072K)
 Metaspace       used 41615K, capacity 42710K, committed 42908K, reserved 1087488K
  class space    used 5490K, capacity 5927K, committed 5964K, reserved 1048576K
}
Event: 13.840 GC heap after
{Heap after GC invocations=17 (full 0):
 garbage-first heap   total 54272K, used 19324K [0x0000000081200000, 0x0000000100000000)
  region size 1024K, 3 young (3072K), 3 survivors (3072K)
 Metaspace       used 41615K, capacity 42710K, committed 42908K, reserved 1087488K
  class space    used 5490K, capacity 5927K, committed 5964K, reserved 1048576K
}
Event: 14.399 GC heap before
{Heap before GC invocations=17 (full 0):
 garbage-first heap   total 54272K, used 39804K [0x0000000081200000, 0x0000000100000000)
  region size 1024K, 23 young (23552K), 3 survivors (3072K)
 Metaspace       used 44766K, capacity 45912K, committed 45980K, reserved 1089536K
  class space    used 6004K, capacity 6432K, committed 6476K, reserved 1048576K
}
Event: 14.408 GC heap after
{Heap after GC invocations=18 (full 0):
 garbage-first heap   total 65536K, used 20155K [0x0000000081200000, 0x0000000100000000)
  region size 1024K, 2 young (2048K), 2 survivors (2048K)
 Metaspace       used 44766K, capacity 45912K, committed 45980K, reserved 1089536K
  class space    used 6004K, capacity 6432K, committed 6476K, reserved 1048576K
}
Event: 17.391 GC heap before
{Heap before GC invocations=18 (full 0):
 garbage-first heap   total 65536K, used 47803K [0x0000000081200000, 0x0000000100000000)
  region size 1024K, 29 young (29696K), 2 survivors (2048K)
 Metaspace       used 47466K, capacity 48615K, committed 48924K, reserved 1091584K
  class space    used 6354K, capacity 6798K, committed 6860K, reserved 1048576K
}
Event: 17.400 GC heap after
{Heap after GC invocations=19 (full 0):
 garbage-first heap   total 65536K, used 20941K [0x0000000081200000, 0x0000000100000000)
  region size 1024K, 3 young (3072K), 3 survivors (3072K)
 Metaspace       used 47466K, capacity 48615K, committed 48924K, reserved 1091584K
  class space    used 6354K, capacity 6798K, committed 6860K, reserved 1048576K
}
Event: 18.088 GC heap before
{Heap before GC invocations=19 (full 0):
 garbage-first heap   total 65536K, used 48589K [0x0000000081200000, 0x0000000100000000)
  region size 1024K, 30 young (30720K), 3 survivors (3072K)
 Metaspace       used 50942K, capacity 52310K, committed 52508K, reserved 1095680K
  class space    used 6789K, capacity 7316K, committed 7372K, reserved 1048576K
}
Event: 18.097 GC heap after
{Heap after GC invocations=20 (full 0):
 garbage-first heap   total 65536K, used 22442K [0x0000000081200000, 0x0000000100000000)
  region size 1024K, 3 young (3072K), 3 survivors (3072K)
 Metaspace       used 50942K, capacity 52310K, committed 52508K, reserved 1095680K
  class space    used 6789K, capacity 7316K, committed 7372K, reserved 1048576K
}
Event: 18.701 GC heap before
{Heap before GC invocations=20 (full 0):
 garbage-first heap   total 65536K, used 50090K [0x0000000081200000, 0x0000000100000000)
  region size 1024K, 30 young (30720K), 3 survivors (3072K)
 Metaspace       used 52293K, capacity 53676K, committed 53916K, reserved 1095680K
  class space    used 6935K, capacity 7485K, committed 7500K, reserved 1048576K
}
Event: 18.716 GC heap after
{Heap after GC invocations=21 (full 0):
 garbage-first heap   total 65536K, used 24217K [0x0000000081200000, 0x0000000100000000)
  region size 1024K, 4 young (4096K), 4 survivors (4096K)
 Metaspace       used 52293K, capacity 53676K, committed 53916K, reserved 1095680K
  class space    used 6935K, capacity 7485K, committed 7500K, reserved 1048576K
}
Event: 19.210 GC heap before
{Heap before GC invocations=21 (full 0):
 garbage-first heap   total 65536K, used 50841K [0x0000000081200000, 0x0000000100000000)
  region size 1024K, 30 young (30720K), 4 survivors (4096K)
 Metaspace       used 53414K, capacity 54903K, committed 55196K, reserved 1097728K
  class space    used 7107K, capacity 7661K, committed 7756K, reserved 1048576K
}
Event: 19.221 GC heap after
{Heap after GC invocations=22 (full 0):
 garbage-first heap   total 65536K, used 25200K [0x0000000081200000, 0x0000000100000000)
  region size 1024K, 3 young (3072K), 3 survivors (3072K)
 Metaspace       used 53414K, capacity 54903K, committed 55196K, reserved 1097728K
  class space    used 7107K, capacity 7661K, committed 7756K, reserved 1048576K
}
Event: 19.810 GC heap before
{Heap before GC invocations=22 (full 0):
 garbage-first heap   total 65536K, used 51824K [0x0000000081200000, 0x0000000100000000)
  region size 1024K, 29 young (29696K), 3 survivors (3072K)
 Metaspace       used 54407K, capacity 55970K, committed 56092K, reserved 1097728K
  class space    used 7273K, capacity 7868K, committed 7884K, reserved 1048576K
}
Event: 19.823 GC heap after
{Heap after GC invocations=23 (full 0):
 garbage-first heap   total 65536K, used 27049K [0x0000000081200000, 0x0000000100000000)
  region size 1024K, 3 young (3072K), 3 survivors (3072K)
 Metaspace       used 54407K, capacity 55970K, committed 56092K, reserved 1097728K
  class space    used 7273K, capacity 7868K, committed 7884K, reserved 1048576K
}
Event: 20.254 GC heap before
{Heap before GC invocations=23 (full 0):
 garbage-first heap   total 65536K, used 50601K [0x0000000081200000, 0x0000000100000000)
  region size 1024K, 27 young (27648K), 3 survivors (3072K)
 Metaspace       used 55334K, capacity 56940K, committed 57116K, reserved 1097728K
  class space    used 7416K, capacity 8021K, committed 8140K, reserved 1048576K
}
Event: 20.267 GC heap after
{Heap after GC invocations=24 (full 0):
 garbage-first heap   total 78848K, used 29002K [0x0000000081200000, 0x0000000100000000)
  region size 1024K, 4 young (4096K), 4 survivors (4096K)
 Metaspace       used 55334K, capacity 56940K, committed 57116K, reserved 1097728K
  class space    used 7416K, capacity 8021K, committed 8140K, reserved 1048576K
}
Event: 20.849 GC heap before
{Heap before GC invocations=24 (full 0):
 garbage-first heap   total 78848K, used 59722K [0x0000000081200000, 0x0000000100000000)
  region size 1024K, 34 young (34816K), 4 survivors (4096K)
 Metaspace       used 56319K, capacity 57915K, committed 58268K, reserved 1099776K
  class space    used 7542K, capacity 8169K, committed 8268K, reserved 1048576K
}
Event: 20.863 GC heap after
{Heap after GC invocations=25 (full 0):
 garbage-first heap   total 78848K, used 30453K [0x0000000081200000, 0x0000000100000000)
  region size 1024K, 4 young (4096K), 4 survivors (4096K)
 Metaspace       used 56319K, capacity 57915K, committed 58268K, reserved 1099776K
  class space    used 7542K, capacity 8169K, committed 8268K, reserved 1048576K
}
Event: 22.249 GC heap before
{Heap before GC invocations=25 (full 0):
 garbage-first heap   total 78848K, used 58101K [0x0000000081200000, 0x0000000100000000)
  region size 1024K, 32 young (32768K), 4 survivors (4096K)
 Metaspace       used 58575K, capacity 60262K, committed 60316K, reserved 1101824K
  class space    used 7833K, capacity 8478K, committed 8524K, reserved 1048576K
}
Event: 22.263 GC heap after
{Heap after GC invocations=26 (full 0):
 garbage-first heap   total 78848K, used 31543K [0x0000000081200000, 0x0000000100000000)
  region size 1024K, 3 young (3072K), 3 survivors (3072K)
 Metaspace       used 58575K, capacity 60262K, committed 60316K, reserved 1101824K
  class space    used 7833K, capacity 8478K, committed 8524K, reserved 1048576K
}

